<?xml version="1.0" encoding="UTF-8"?>
<testng-results total="1" passed="1" failed="0" skipped="0">
  <reporter-output>
  </reporter-output>
  <suite started-at="2019-04-26T06:34:20Z" name="Suite" finished-at="2019-04-26T06:34:20Z" duration-ms="47">
    <groups>
    </groups>
    <test started-at="2019-04-26T06:34:20Z" name="Test" finished-at="2019-04-26T06:34:20Z" duration-ms="47">
      <class name="Selenium.NewTest">
        <test-method signature="fdfd()[pri:0, instance:Selenium.NewTest@4116aac9]" started-at="2019-04-26T12:04:20Z" name="fdfd" finished-at="2019-04-26T12:04:20Z" duration-ms="16" status="PASS">
          <reporter-output>
          </reporter-output>
        </test-method> <!-- fdfd -->
      </class> <!-- Selenium.NewTest -->
    </test> <!-- Test -->
  </suite> <!-- Suite -->
</testng-results>
